Thu 04 May 2023 04:38:49 PM UTC: 
 sudoku.c | 15 +++++++++++++++
 1 file changed, 15 insertions(+)
 tests:  2|4
total_score: 15/70
5461c37
Thu 04 May 2023 05:19:23 PM UTC: 
 sudoku.c | 41 +++++++++++++++++++++++++++++++++++++++++
 1 file changed, 41 insertions(+)
In file included from test.c:5:
sudoku.c: In function ‘is_valid’:
sudoku.c:59:11: error: ‘marks’ undeclared (first use in this function); did you mean ‘marcas’?
   59 |           marks[num] = 1;
      |           ^~~~~
      |           marcas
sudoku.c:59:11: note: each undeclared identifier is reported only once for each function it appears in
sudoku.c:47:16: error: unused variable ‘p’ [-Werror=unused-variable]
   47 |   int i, j, k, p;
      |                ^
cc1: all warnings being treated as errors
Compilation failed
0151211
Thu 04 May 2023 05:19:33 PM UTC: 
 sudoku.c | 2 +-
 1 file changed, 1 insertion(+), 1 deletion(-)
In file included from test.c:5:
sudoku.c: In function ‘is_valid’:
sudoku.c:59:11: error: ‘marks’ undeclared (first use in this function); did you mean ‘marcas’?
   59 |           marks[num] = 1;
      |           ^~~~~
      |           marcas
sudoku.c:59:11: note: each undeclared identifier is reported only once for each function it appears in
sudoku.c:47:16: error: unused variable ‘p’ [-Werror=unused-variable]
   47 |   int i, j, k, p;
      |                ^
cc1: all warnings being treated as errors
Compilation failed
02a23c5
Thu 04 May 2023 05:19:45 PM UTC: 
 sudoku.c | 2 +-
 1 file changed, 1 insertion(+), 1 deletion(-)
In file included from test.c:5:
sudoku.c: In function ‘is_valid’:
sudoku.c:47:16: error: unused variable ‘p’ [-Werror=unused-variable]
   47 |   int i, j, k, p;
      |                ^
cc1: all warnings being treated as errors
Compilation failed
32494c9
Thu 04 May 2023 05:23:33 PM UTC: 
 sudoku.c | 22 +++++++++++++++++-----
 1 file changed, 17 insertions(+), 5 deletions(-)
 tests:  2|4
total_score: 15/70
df7c569
Thu 04 May 2023 05:25:28 PM UTC: 
 sudoku.c | 40 +++++++++++++++++++---------------------
 1 file changed, 19 insertions(+), 21 deletions(-)
 tests:  2|4
total_score: 15/70
87c61cf
Sat 06 May 2023 10:56:15 PM UTC: 
 sudoku.c | 4 ++--
 1 file changed, 2 insertions(+), 2 deletions(-)
In file included from test.c:5:
sudoku.c: In function ‘is_valid’:
sudoku.c:61:10: error: ‘k’ undeclared (first use in this function)
   61 |     for (k = 1; k <= 9; k++) {
      |          ^
sudoku.c:61:10: note: each undeclared identifier is reported only once for each function it appears in
sudoku.c:84:10: error: ‘p’ undeclared (first use in this function)
   84 |     for (p = 0; p < 9; p++) {
      |          ^
sudoku.c:47:13: error: unused variable ‘numColumnas’ [-Werror=unused-variable]
   47 |   int i, j, numColumnas, num;
      |             ^~~~~~~~~~~
cc1: all warnings being treated as errors
Compilation failed
ce2df64
Sat 06 May 2023 11:06:37 PM UTC: 
 sudoku.c | 2 +-
 1 file changed, 1 insertion(+), 1 deletion(-)
In file included from test.c:5:
sudoku.c: In function ‘is_valid’:
sudoku.c:61:10: error: ‘k’ undeclared (first use in this function)
   61 |     for (k = 1; k <= 9; k++) {
      |          ^
sudoku.c:61:10: note: each undeclared identifier is reported only once for each function it appears in
sudoku.c:84:10: error: ‘p’ undeclared (first use in this function)
   84 |     for (p = 0; p < 9; p++) {
      |          ^
sudoku.c:47:13: error: unused variable ‘numColumnas’ [-Werror=unused-variable]
   47 |   int i, j, numColumnas, num;
      |             ^~~~~~~~~~~
cc1: all warnings being treated as errors
Compilation failed
22e183d
Sat 06 May 2023 11:07:23 PM UTC: 
 sudoku.c | 2 +-
 1 file changed, 1 insertion(+), 1 deletion(-)
In file included from test.c:5:
sudoku.c: In function ‘is_valid’:
sudoku.c:47:19: error: unused variable ‘numColumnas’ [-Werror=unused-variable]
   47 |   int i, j, k, p, numColumnas, num;
      |                   ^~~~~~~~~~~
cc1: all warnings being treated as errors
Compilation failed
d5f825b
Sat 06 May 2023 11:07:43 PM UTC: 
 sudoku.c | 2 +-
 1 file changed, 1 insertion(+), 1 deletion(-)
 tests:  2|4
total_score: 15/70
a34417e
Sat 06 May 2023 11:15:35 PM UTC: 
 sudoku.c | 5 +++--
 1 file changed, 3 insertions(+), 2 deletions(-)
In file included from test.c:5:
sudoku.c: In function ‘is_valid’:
sudoku.c:54:7: error: ‘num’ undeclared (first use in this function)
   54 |       num = n->sudo[i][j];
      |       ^~~
sudoku.c:54:7: note: each undeclared identifier is reported only once for each function it appears in
sudoku.c:52:9: error: unused variable ‘columnas’ [-Werror=unused-variable]
   52 |     int columnas[10] = {0};
      |         ^~~~~~~~
sudoku.c:51:9: error: unused variable ‘filas’ [-Werror=unused-variable]
   51 |     int filas[10] = {0};
      |         ^~~~~
cc1: all warnings being treated as errors
Compilation failed
ad38bb8
Sat 06 May 2023 11:20:29 PM UTC: 
 sudoku.c | 38 ++++++++++++++------------------------
 1 file changed, 14 insertions(+), 24 deletions(-)
In file included from test.c:5:
sudoku.c: In function ‘is_valid’:
sudoku.c:60:30: error: expected ‘]’ before ‘;’ token
   60 |       filas[n->sudo[i][j] = 1;
      |                              ^
      |                              ]
sudoku.c:60:12: error: value computed is not used [-Werror=unused-value]
   60 |       filas[n->sudo[i][j] = 1;
      |       ~~~~~^~~~~~~~~~~~~~~~~~~
   61 | 
      |             
   62 |       if (n->sudo[i][j] != 0 && columnas[n->sudo[i][j] == 1])
      |       ~~~~~~~~~~~~~~~~~~~~~~~~~~~~~~~~~~~~~~~~~~~~~~~~~~~~~~~
   63 |       {
      |       ~     
   64 |         return 0;
      |         ~~~~~~~~~
   65 |       }
      |       ~     
   66 |       columnas[n->sudo[i][j] = 1];
      |       ~~~~~~~~~~~~~~~~~~~~~~~~~~~~
   67 | 
      |             
   68 |     }
      |     ~       
sudoku.c:66:35: error: expected ‘;’ before ‘}’ token
   66 |       columnas[n->sudo[i][j] = 1];
      |                                   ^
      |                                   ;
   67 | 
   68 |     }
      |     ~                              
sudoku.c:52:9: error: unused variable ‘columnas’ [-Werror=unused-variable]
   52 |     int columnas[10] = {0,0,0,0,0,0,0,0,0,0};
      |         ^~~~~~~~
sudoku.c:79:11: error: ‘marks’ undeclared (first use in this function)
   79 |       if (marks[num] != 0) {
      |           ^~~~~
sudoku.c:79:11: note: each undeclared identifier is reported only once for each function it appears in
sudoku.c:78:11: error: variable ‘num’ set but not used [-Werror=unused-but-set-variable]
   78 |       int num = n->sudo[i][j];
      |           ^~~
sudoku.c:73:9: error: unused variable ‘marca’ [-Werror=unused-variable]
   73 |     int marca[10] = {0,0,0,0,0,0,0,0,0,0};
      |         ^~~~~
cc1: all warnings being treated as errors
Compilation failed
bcb45e9
Sat 06 May 2023 11:22:18 PM UTC: 
 sudoku.c | 8 ++------
 1 file changed, 2 insertions(+), 6 deletions(-)
In file included from test.c:5:
sudoku.c: In function ‘is_valid’:
sudoku.c:60:30: error: expected ‘]’ before ‘;’ token
   60 |       filas[n->sudo[i][j] = 1;
      |                              ^
      |                              ]
sudoku.c:60:12: error: value computed is not used [-Werror=unused-value]
   60 |       filas[n->sudo[i][j] = 1;
      |       ~~~~~^~~~~~~~~~~~~~~~~~~
   61 | 
      |             
   62 |       if (n->sudo[i][j] != 0 && columnas[n->sudo[i][j] == 1])
      |       ~~~~~~~~~~~~~~~~~~~~~~~~~~~~~~~~~~~~~~~~~~~~~~~~~~~~~~~
   63 |       {
      |       ~     
   64 |         return 0;
      |         ~~~~~~~~~
   65 |       }
      |       ~     
   66 |       columnas[n->sudo[i][j] = 1];
      |       ~~~~~~~~~~~~~~~~~~~~~~~~~~~~
   67 | 
      |             
   68 |     }
      |     ~       
sudoku.c:66:35: error: expected ‘;’ before ‘}’ token
   66 |       columnas[n->sudo[i][j] = 1];
      |                                   ^
      |                                   ;
   67 | 
   68 |     }
      |     ~                              
sudoku.c:52:9: error: unused variable ‘columnas’ [-Werror=unused-variable]
   52 |     int columnas[10] = {0,0,0,0,0,0,0,0,0,0};
      |         ^~~~~~~~
sudoku.c:83:30: error: expected ‘]’ before ‘;’ token
   83 |       marca[n->sudo[i][j] = 1;
      |                              ^
      |                              ]
sudoku.c:83:12: error: value computed is not used [-Werror=unused-value]
   83 |       marca[n->sudo[i][j] = 1;
      |       ~~~~~^~~~~~~~~~~~~~~~~~~
   84 |     }
      |     ~       
sudoku.c:83:31: error: expected ‘;’ before ‘}’ token
   83 |       marca[n->sudo[i][j] = 1;
      |                               ^
      |                               ;
   84 |     }
      |     ~                          
sudoku.c:78:11: error: unused variable ‘num’ [-Werror=unused-variable]
   78 |       int num = n->sudo[i][j];
      |           ^~~
cc1: all warnings being treated as errors
Compilation failed
877d11e
Sat 06 May 2023 11:22:27 PM UTC: 
 sudoku.c | 2 +-
 1 file changed, 1 insertion(+), 1 deletion(-)
In file included from test.c:5:
sudoku.c: In function ‘is_valid’:
sudoku.c:60:30: error: expected ‘]’ before ‘;’ token
   60 |       filas[n->sudo[i][j] = 1;
      |                              ^
      |                              ]
sudoku.c:60:12: error: value computed is not used [-Werror=unused-value]
   60 |       filas[n->sudo[i][j] = 1;
      |       ~~~~~^~~~~~~~~~~~~~~~~~~
   61 | 
      |             
   62 |       if (n->sudo[i][j] != 0 && columnas[n->sudo[i][j] == 1])
      |       ~~~~~~~~~~~~~~~~~~~~~~~~~~~~~~~~~~~~~~~~~~~~~~~~~~~~~~~
   63 |       {
      |       ~     
   64 |         return 0;
      |         ~~~~~~~~~
   65 |       }
      |       ~     
   66 |       columnas[n->sudo[i][j] = 1];
      |       ~~~~~~~~~~~~~~~~~~~~~~~~~~~~
   67 | 
      |             
   68 |     }
      |     ~       
sudoku.c:66:35: error: expected ‘;’ before ‘}’ token
   66 |       columnas[n->sudo[i][j] = 1];
      |                                   ^
      |                                   ;
   67 | 
   68 |     }
      |     ~                              
sudoku.c:52:9: error: unused variable ‘columnas’ [-Werror=unused-variable]
   52 |     int columnas[10] = {0,0,0,0,0,0,0,0,0,0};
      |         ^~~~~~~~
sudoku.c:83:30: error: expected ‘]’ before ‘;’ token
   83 |       marca[n->sudo[i][j] = 1;
      |                              ^
      |                              ]
sudoku.c:83:12: error: value computed is not used [-Werror=unused-value]
   83 |       marca[n->sudo[i][j] = 1;
      |       ~~~~~^~~~~~~~~~~~~~~~~~~
   84 |     }
      |     ~       
sudoku.c:83:31: error: expected ‘;’ before ‘}’ token
   83 |       marca[n->sudo[i][j] = 1;
      |                               ^
      |                               ;
   84 |     }
      |     ~                          
cc1: all warnings being treated as errors
Compilation failed
c988d59
Sat 06 May 2023 11:23:22 PM UTC: 
 sudoku.c | 12 ++++--------
 1 file changed, 4 insertions(+), 8 deletions(-)
In file included from test.c:5:
sudoku.c: In function ‘is_valid’:
sudoku.c:58:30: error: expected ‘]’ before ‘;’ token
   58 |       filas[n->sudo[i][j] = 1;
      |                              ^
      |                              ]
sudoku.c:58:12: error: value computed is not used [-Werror=unused-value]
   58 |       filas[n->sudo[i][j] = 1;
      |       ~~~~~^~~~~~~~~~~~~~~~~~~
   59 | 
      |             
   60 |       if (n->sudo[i][j] != 0 && columnas[n->sudo[i][j] == 1]) return 0;
      |       ~~~~~~~~~~~~~~~~~~~~~~~~~~~~~~~~~~~~~~~~~~~~~~~~~~~~~~~~~~~~~~~~~
   61 | 
      |             
   62 |       columnas[n->sudo[i][j] = 1];
      |       ~~~~~~~~~~~~~~~~~~~~~~~~~~~~
   63 | 
      |             
   64 |     }
      |     ~       
sudoku.c:62:35: error: expected ‘;’ before ‘}’ token
   62 |       columnas[n->sudo[i][j] = 1];
      |                                   ^
      |                                   ;
   63 | 
   64 |     }
      |     ~                              
sudoku.c:52:9: error: unused variable ‘columnas’ [-Werror=unused-variable]
   52 |     int columnas[10] = {0,0,0,0,0,0,0,0,0,0};
      |         ^~~~~~~~
sudoku.c:79:30: error: expected ‘]’ before ‘;’ token
   79 |       marca[n->sudo[i][j] = 1;
      |                              ^
      |                              ]
sudoku.c:79:12: error: value computed is not used [-Werror=unused-value]
   79 |       marca[n->sudo[i][j] = 1;
      |       ~~~~~^~~~~~~~~~~~~~~~~~~
   80 |     }
      |     ~       
sudoku.c:79:31: error: expected ‘;’ before ‘}’ token
   79 |       marca[n->sudo[i][j] = 1;
      |                               ^
      |                               ;
   80 |     }
      |     ~                          
cc1: all warnings being treated as errors
Compilation failed
f298087
Sat 06 May 2023 11:24:18 PM UTC: 
 sudoku.c | 10 +++++-----
 1 file changed, 5 insertions(+), 5 deletions(-)
In file included from test.c:5:
sudoku.c: In function ‘is_valid’:
sudoku.c:62:34: error: expected ‘;’ before ‘]’ token
   62 |       columnas[n->sudo[i][j]] = 1];
      |                                  ^
      |                                  ;
sudoku.c:62:34: error: expected statement before ‘]’ token
sudoku.c:79:30: error: expected ‘]’ before ‘;’ token
   79 |       marca[n->sudo[i][j] = 1;
      |                              ^
      |                              ]
sudoku.c:79:12: error: value computed is not used [-Werror=unused-value]
   79 |       marca[n->sudo[i][j] = 1;
      |       ~~~~~^~~~~~~~~~~~~~~~~~~
   80 |     }
      |     ~       
sudoku.c:79:31: error: expected ‘;’ before ‘}’ token
   79 |       marca[n->sudo[i][j] = 1;
      |                               ^
      |                               ;
   80 |     }
      |     ~                          
cc1: all warnings being treated as errors
Compilation failed
4f174be
Sat 06 May 2023 11:25:41 PM UTC: 
 sudoku.c | 8 +++-----
 1 file changed, 3 insertions(+), 5 deletions(-)
 tests:  5|3
total_score: 35/70
b816668
Sat 06 May 2023 11:29:21 PM UTC: 
 sudoku.c | 11 +++++++++++
 1 file changed, 11 insertions(+)
In file included from test.c:5:
sudoku.c: In function ‘is_final’:
sudoku.c:108:15: error: unused variable ‘num’ [-Werror=unused-variable]
  108 |   int i , j , num;
      |               ^~~
cc1: all warnings being treated as errors
Compilation failed
db0bd5c
Sat 06 May 2023 11:29:28 PM UTC: 
 sudoku.c | 2 +-
 1 file changed, 1 insertion(+), 1 deletion(-)
 tests:  5|3
total_score: 35/70
55c9ffc
Sat 06 May 2023 11:29:57 PM UTC: 
 sudoku.c | 2 +-
 1 file changed, 1 insertion(+), 1 deletion(-)
 tests:  6|2
total_score: 45/70
7257f68
Sat 06 May 2023 11:38:44 PM UTC: 
 sudoku.c | 14 ++++++++++++++
 1 file changed, 14 insertions(+)
 tests:  6|2
total_score: 45/70
f67e69d
Sat 06 May 2023 11:42:22 PM UTC: 
 sudoku.c | 9 +++++++++
 1 file changed, 9 insertions(+)
In file included from test.c:5:
sudoku.c: In function ‘DFS’:
sudoku.c:136:5: error: unknown type name ‘node’; did you mean ‘Node’?
  136 |     node* aux = first(lista);
      |     ^~~~
      |     Node
Compilation failed
ddb7c72
